--- NEW SYNC ATTEMPT ---
[2026-03-20T20:35:22.339Z] [Sync] Started for https://ville-ivry94.illico.city/AppBI/odata
[2026-03-20T20:35:22.454Z] [Sync] OData OK. Entities: 42
[2026-03-20T20:35:22.455Z] [Sync] Probing DocumentMedium...
[2026-03-20T20:35:22.456Z]   - Trying DimDocumentMedium...
[2026-03-20T20:35:22.473Z]   - Found DimDocumentMedium
[2026-03-20T20:35:22.475Z]   - Fetching all records for DimDocumentMedium...
[2026-03-20T20:35:22.493Z]   - Syncing 19 records into sync_DimDocumentMedium
[2026-03-20T20:35:22.633Z] [Sync] Probing DocumentType...
[2026-03-20T20:35:22.635Z]   - Trying DimDocumentType...
[2026-03-20T20:35:22.656Z]   - Found DimDocumentType
[2026-03-20T20:35:22.658Z]   - Fetching all records for DimDocumentType...
[2026-03-20T20:35:22.678Z]   - Syncing 45 records into sync_DimDocumentType
[2026-03-20T20:35:22.995Z] [Sync] Probing DocumentState...
[2026-03-20T20:35:22.996Z]   - Trying DimDocumentState...
[2026-03-20T20:35:23.022Z]   - Found DimDocumentState
[2026-03-20T20:35:23.024Z]   - Fetching all records for DimDocumentState...
[2026-03-20T20:35:23.043Z]   - Syncing 6 records into sync_DimDocumentState
[2026-03-20T20:35:23.104Z] [Sync] Probing StructureElementPath...
[2026-03-20T20:35:23.105Z]   - Trying DimStructureElementPath...
[2026-03-20T20:35:23.122Z]   - Found DimStructureElementPath
[2026-03-20T20:35:23.123Z]   - Fetching all records for DimStructureElementPath...
[2026-03-20T20:35:23.253Z]   - Syncing 1126 records into sync_DimStructureElementPath
